<?xml version="1.0" encoding="UTF-8"?>
<testng-results skipped="0" failed="0" total="1" passed="1">
  <reporter-output>
  </reporter-output>
  <suite name="Default suite" duration-ms="5976" started-at="2015-05-01T10:46:02Z" finished-at="2015-05-01T10:46:08Z">
    <groups>
    </groups>
    <test name="Default test" duration-ms="5976" started-at="2015-05-01T10:46:02Z" finished-at="2015-05-01T10:46:08Z">
      <class name="com.example.tests.ContactModificationsTests">
        <test-method status="PASS" signature="setUp()[pri:0, instance:com.example.tests.ContactModificationsTests@5a42bbf4]" name="setUp" is-config="true" duration-ms="3884" started-at="2015-05-01T14:46:02Z" finished-at="2015-05-01T14:46:06Z">
          <reporter-output>
          </reporter-output>
        </test-method> <!-- setUp -->
        <test-method status="PASS" signature="testContactModifications()[pri:0, instance:com.example.tests.ContactModificationsTests@5a42bbf4]" name="testContactModifications" duration-ms="1868" started-at="2015-05-01T14:46:06Z" finished-at="2015-05-01T14:46:07Z">
          <reporter-output>
          </reporter-output>
        </test-method> <!-- testContactModifications -->
        <test-method status="PASS" signature="tearDown()[pri:0, instance:com.example.tests.ContactModificationsTests@5a42bbf4]" name="tearDown" is-config="true" duration-ms="217" started-at="2015-05-01T14:46:07Z" finished-at="2015-05-01T14:46:08Z">
          <reporter-output>
          </reporter-output>
        </test-method> <!-- tearDown -->
      </class> <!-- com.example.tests.ContactModificationsTests -->
    </test> <!-- Default test -->
  </suite> <!-- Default suite -->
</testng-results>
