<?xml version="1.0" encoding="UTF-8"?>
<!-- Generated by org.testng.reporters.JUnitXMLReporter -->
<testsuite hostname="CutehomePC" name="Default test" tests="5" failures="0" timestamp="26 Apr 2015 17:50:32 GMT" time="24.492" errors="0">
  <testcase name="testEmptyGroupCreation" time="4.16" classname="com.example.tests.EmptyGroupCreationTests"/>
  <testcase name="testContactCreation" time="7.16" classname="com.example.tests.ContactCreationTests"/>
  <testcase name="modifySomeGroup" time="3.447" classname="com.example.tests.GroupModificationTests"/>
  <testcase name="testNonEmptyGroupCreation" time="3.6" classname="com.example.tests.GroupCreationTests"/>
  <testcase name="deleteSomeGroup" time="2.353" classname="com.example.tests.GroupRemovalTests"/>
</testsuite> <!-- Default test -->
